<?xml version="1.0" encoding="utf-8"?><testsuites name="pytest tests"><testsuite name="pytest" errors="0" failures="0" skipped="0" tests="19" time="29.603" timestamp="2026-04-15T18:34:09.681517+00:00" hostname="agent-env-40f8a972-fdce-45c5-a873-bcaf3f74ae34"><testcase classname="backend.tests.test_tennis_buddies.TestAuthEndpoints" name="test_login_admin_success" time="0.566" /><testcase classname="backend.tests.test_tennis_buddies.TestAuthEndpoints" name="test_login_member_success" time="0.444" /><testcase classname="backend.tests.test_tennis_buddies.TestAuthEndpoints" name="test_login_invalid_credentials" time="0.128" /><testcase classname="backend.tests.test_tennis_buddies.TestSeasonStandings" name="test_get_season_standings" time="0.164" /><testcase classname="backend.tests.test_tennis_buddies.TestSoloLadder" name="test_get_solo_ladder" time="0.136" /><testcase classname="backend.tests.test_tennis_buddies.TestEducation" name="test_get_articles" time="0.174" /><testcase classname="backend.tests.test_tennis_buddies.TestChatroom" name="test_chatroom_requires_auth" time="0.165" /><testcase classname="backend.tests.test_tennis_buddies.TestChatroom" name="test_get_chatroom_messages" time="0.531" /><testcase classname="backend.tests.test_tennis_buddies.TestOpponentScout" name="test_opponent_scout_requires_auth" time="0.187" /><testcase classname="backend.tests.test_tennis_buddies.TestOpponentScout" name="test_opponent_scout_generates_strategy" time="13.407" /><testcase classname="backend.tests.test_tennis_buddies.TestStrategyBot" name="test_strategy_bot_requires_auth" time="0.188" /><testcase classname="backend.tests.test_tennis_buddies.TestStrategyBot" name="test_strategy_bot_responds" time="10.272" /><testcase classname="backend.tests.test_tennis_buddies.TestMatchReminders" name="test_match_reminder_requires_admin" time="0.544" /><testcase classname="backend.tests.test_tennis_buddies.TestMatchReminders" name="test_create_match_reminder" time="0.551" /><testcase classname="backend.tests.test_tennis_buddies.TestAdminPanel" name="test_get_pending_matches" time="0.549" /><testcase classname="backend.tests.test_tennis_buddies.TestAdminPanel" name="test_get_settings" time="0.598" /><testcase classname="backend.tests.test_tennis_buddies.TestAdminPanel" name="test_get_upcoming_sundays" time="0.581" /><testcase classname="backend.tests.test_tennis_buddies.TestSchedules" name="test_get_schedules" time="0.135" /><testcase classname="backend.tests.test_tennis_buddies.TestStats" name="test_get_stats" time="0.143" /></testsuite></testsuites>