<?xml version="1.0" encoding="utf-8"?><testsuites name="pytest tests"><testsuite name="pytest" errors="0" failures="0" skipped="0" tests="14" time="6.035" timestamp="2026-04-16T17:31:25.829584+00:00" hostname="agent-env-1fe5c72b-dd2e-42a6-b100-c9f680675abe"><testcase classname="backend.tests.test_rsvp_features.TestSettingsRSVPFields" name="test_get_settings_returns_rsvp_fields" time="0.579" /><testcase classname="backend.tests.test_rsvp_features.TestSettingsRSVPFields" name="test_put_settings_saves_rsvp_fields" time="0.212" /><testcase classname="backend.tests.test_rsvp_features.TestWeeklyEventCreation" name="test_create_event_has_rsvp_closed_false" time="0.110" /><testcase classname="backend.tests.test_rsvp_features.TestCheckinWindow" name="test_checkin_window_returns_required_fields" time="0.197" /><testcase classname="backend.tests.test_rsvp_features.TestCloseReopenRSVP" name="test_close_rsvp_admin_only" time="0.254" /><testcase classname="backend.tests.test_rsvp_features.TestCloseReopenRSVP" name="test_reopen_rsvp_admin_only" time="0.236" /><testcase classname="backend.tests.test_rsvp_features.TestCheckinWithClosedRSVP" name="test_checkin_available_rejected_when_rsvp_closed" time="1.099" /><testcase classname="backend.tests.test_rsvp_features.TestCheckinWithClosedRSVP" name="test_checkin_maybe_rejected_when_rsvp_closed" time="0.170" /><testcase classname="backend.tests.test_rsvp_features.TestCheckinWithClosedRSVP" name="test_checkin_bench_accepted_when_rsvp_closed" time="0.275" /><testcase classname="backend.tests.test_rsvp_features.TestAddExternalPlayer" name="test_add_external_player_admin_only" time="0.165" /><testcase classname="backend.tests.test_rsvp_features.TestDropOut" name="test_drop_out_removes_player" time="0.347" /><testcase classname="backend.tests.test_rsvp_features.TestDropOut" name="test_drop_out_auto_promotes_bench_player" time="2.021" /><testcase classname="backend.tests.test_rsvp_features.TestNonAdminCannotCloseRSVP" name="test_member_cannot_close_rsvp" time="0.130" /><testcase classname="backend.tests.test_rsvp_features.TestNonAdminCannotCloseRSVP" name="test_member_cannot_add_external_player" time="0.125" /></testsuite></testsuites>