<?xml version="1.0" encoding="utf-8"?><testsuites name="pytest tests"><testsuite name="pytest" errors="0" failures="0" skipped="0" tests="15" time="5.915" timestamp="2026-05-03T04:34:16.815097+00:00" hostname="agent-env-6bfba929-53b5-4ed1-9d8e-6ffc9d290934"><testcase classname="backend.tests.test_submit_score.TestRouteOrdering" name="test_with_schedules_not_treated_as_event_id" time="0.552" /><testcase classname="backend.tests.test_submit_score.TestRouteOrdering" name="test_with_schedules_newest_first" time="0.126" /><testcase classname="backend.tests.test_submit_score.TestRouteOrdering" name="test_with_schedules_requires_auth" time="0.098" /><testcase classname="backend.tests.test_submit_score.TestRouteOrdering" name="test_upcoming_regression" time="0.111" /><testcase classname="backend.tests.test_submit_score.TestRouteOrdering" name="test_get_event_by_id_regression" time="0.204" /><testcase classname="backend.tests.test_submit_score.TestSubmitScoreValidation" name="test_404_when_event_id_not_found" time="0.143" /><testcase classname="backend.tests.test_submit_score.TestSubmitScoreValidation" name="test_404_when_round_not_found" time="0.135" /><testcase classname="backend.tests.test_submit_score.TestSubmitScoreValidation" name="test_404_when_court_not_found" time="0.111" /><testcase classname="backend.tests.test_submit_score.TestSubmitScoreValidation" name="test_400_when_scores_equal" time="0.142" /><testcase classname="backend.tests.test_submit_score.TestSubmitScoreValidation" name="test_400_when_score_negative" time="0.107" /><testcase classname="backend.tests.test_submit_score.TestSubmitScoreValidation" name="test_400_when_score_too_high" time="1.140" /><testcase classname="backend.tests.test_submit_score.TestWinsDelta" name="test_admin_submit_unscored_match_increments_winner_wins" time="1.130" /><testcase classname="backend.tests.test_submit_score.TestWinsDelta" name="test_edit_score_undoes_prev_winner_and_applies_new" time="1.182" /><testcase classname="backend.tests.test_submit_score.TestNonAdminCanSubmit" name="test_member_can_submit_score" time="0.552" /><testcase classname="backend.tests.test_submit_score.TestNonAdminCanSubmit" name="test_unauthenticated_cannot_submit" time="0.114" /></testsuite></testsuites>