<?xml version="1.0" encoding="utf-8"?><testsuites name="pytest tests"><testsuite name="pytest" errors="0" failures="0" skipped="0" tests="19" time="34.272" timestamp="2026-04-15T20:00:40.230319+00:00" hostname="agent-env-40f8a972-fdce-45c5-a873-bcaf3f74ae34"><testcase classname="backend.tests.test_tennis_buddies.TestAuthEndpoints" name="test_login_admin_success" time="0.536" /><testcase classname="backend.tests.test_tennis_buddies.TestAuthEndpoints" name="test_login_member_success" time="0.520" /><testcase classname="backend.tests.test_tennis_buddies.TestAuthEndpoints" name="test_login_invalid_credentials" time="0.183" /><testcase classname="backend.tests.test_tennis_buddies.TestSeasonStandings" name="test_get_season_standings" time="0.205" /><testcase classname="backend.tests.test_tennis_buddies.TestSoloLadder" name="test_get_solo_ladder" time="0.232" /><testcase classname="backend.tests.test_tennis_buddies.TestEducation" name="test_get_articles" time="0.168" /><testcase classname="backend.tests.test_tennis_buddies.TestChatroom" name="test_chatroom_requires_auth" time="0.205" /><testcase classname="backend.tests.test_tennis_buddies.TestChatroom" name="test_get_chatroom_messages" time="0.657" /><testcase classname="backend.tests.test_tennis_buddies.TestOpponentScout" name="test_opponent_scout_requires_auth" time="0.186" /><testcase classname="backend.tests.test_tennis_buddies.TestOpponentScout" name="test_opponent_scout_generates_strategy" time="14.777" /><testcase classname="backend.tests.test_tennis_buddies.TestStrategyBot" name="test_strategy_bot_requires_auth" time="0.245" /><testcase classname="backend.tests.test_tennis_buddies.TestStrategyBot" name="test_strategy_bot_responds" time="12.097" /><testcase classname="backend.tests.test_tennis_buddies.TestMatchReminders" name="test_match_reminder_requires_admin" time="0.884" /><testcase classname="backend.tests.test_tennis_buddies.TestMatchReminders" name="test_create_match_reminder" time="0.688" /><testcase classname="backend.tests.test_tennis_buddies.TestAdminPanel" name="test_get_pending_matches" time="0.761" /><testcase classname="backend.tests.test_tennis_buddies.TestAdminPanel" name="test_get_settings" time="0.655" /><testcase classname="backend.tests.test_tennis_buddies.TestAdminPanel" name="test_get_upcoming_sundays" time="0.637" /><testcase classname="backend.tests.test_tennis_buddies.TestSchedules" name="test_get_schedules" time="0.222" /><testcase classname="backend.tests.test_tennis_buddies.TestStats" name="test_get_stats" time="0.170" /></testsuite></testsuites>